<?xml version="1.0" encoding="UTF-8"?>
<!-- Generated by org.testng.reporters.JUnitXMLReporter -->
<testsuite ignored="0" hostname="PUN-LAP-KOTHA" failures="0" tests="3" name="Success validation" time="55.507" errors="0" timestamp="2023-05-05T19:00:18 IST">
  <testcase classname="seleniumCode.POMstandalonecode" name="submitorder" time="16.155"/>
  <testcase classname="seleniumCode.POMstandalonecode" name="submitorder" time="14.557"/>
  <testcase classname="seleniumCode.POMstandalonecode" name="OrderHistoryTest" time="0.962"/>
</testsuite> <!-- Success validation -->
