<?xml version="1.0" encoding="UTF-8"?>
<testng-results ignored="0" total="3" passed="3" failed="0" skipped="0">
  <reporter-output>
  </reporter-output>
  <suite started-at="2023-05-05T18:59:22 IST" name="Suite" finished-at="2023-05-05T19:00:18 IST" duration-ms="55507">
    <groups>
      <group name="purchase">
        <method signature="POMstandalonecode.submitorder(java.util.HashMap)[pri:0, instance:seleniumCode.POMstandalonecode@524f3b3a]" name="submitorder" class="seleniumCode.POMstandalonecode"/>
      </group> <!-- purchase -->
      <group name="errorHandling">
        <method signature="ErrorValidations.LoginerrValidation()[pri:0, instance:seleniumCode.ErrorValidations@460ebd80]" name="LoginerrValidation" class="seleniumCode.ErrorValidations"/>
      </group> <!-- errorHandling -->
    </groups>
    <test started-at="2023-05-05T18:59:22 IST" name="Success validation" finished-at="2023-05-05T19:00:18 IST" duration-ms="55507">
      <class name="seleniumCode.POMstandalonecode">
        <test-method is-config="true" signature="launchApplication()[pri:0, instance:seleniumCode.POMstandalonecode@524f3b3a]" started-at="2023-05-05T18:59:22 IST" name="launchApplication" finished-at="2023-05-05T18:59:32 IST" duration-ms="9986" status="PASS">
          <reporter-output>
          </reporter-output>
        </test-method> <!-- launchApplication -->
        <test-method signature="submitorder(java.util.HashMap)[pri:0, instance:seleniumCode.POMstandalonecode@524f3b3a]" started-at="2023-05-05T18:59:32 IST" name="submitorder" data-provider="getData" finished-at="2023-05-05T18:59:48 IST" duration-ms="16155" status="PASS">
          <params>
            <param index="0">
              <value>
                <![CDATA[{password=Naveen@123, email=naveen123@gmail.com, productName=ZARA COAT 3}]]>
              </value>
            </param>
          </params>
          <reporter-output>
          </reporter-output>
        </test-method> <!-- submitorder -->
        <test-method is-config="true" signature="closeDriver()[pri:0, instance:seleniumCode.POMstandalonecode@524f3b3a]" started-at="2023-05-05T18:59:48 IST" name="closeDriver" finished-at="2023-05-05T18:59:49 IST" duration-ms="599" status="PASS">
          <reporter-output>
          </reporter-output>
        </test-method> <!-- closeDriver -->
        <test-method is-config="true" signature="launchApplication()[pri:0, instance:seleniumCode.POMstandalonecode@524f3b3a]" started-at="2023-05-05T18:59:49 IST" name="launchApplication" finished-at="2023-05-05T18:59:54 IST" duration-ms="5115" status="PASS">
          <reporter-output>
          </reporter-output>
        </test-method> <!-- launchApplication -->
        <test-method signature="submitorder(java.util.HashMap)[pri:0, instance:seleniumCode.POMstandalonecode@524f3b3a]" started-at="2023-05-05T18:59:54 IST" name="submitorder" data-provider="getData" finished-at="2023-05-05T19:00:08 IST" duration-ms="14557" status="PASS">
          <params>
            <param index="0">
              <value>
                <![CDATA[{password=Nikhil@123, email=Nikhil123@gmail.com, productName=ADIDAS ORIGINAL}]]>
              </value>
            </param>
          </params>
          <reporter-output>
          </reporter-output>
        </test-method> <!-- submitorder -->
        <test-method is-config="true" signature="closeDriver()[pri:0, instance:seleniumCode.POMstandalonecode@524f3b3a]" started-at="2023-05-05T19:00:08 IST" name="closeDriver" finished-at="2023-05-05T19:00:10 IST" duration-ms="1081" status="PASS">
          <reporter-output>
          </reporter-output>
        </test-method> <!-- closeDriver -->
        <test-method is-config="true" signature="launchApplication()[pri:0, instance:seleniumCode.POMstandalonecode@524f3b3a]" started-at="2023-05-05T19:00:10 IST" name="launchApplication" finished-at="2023-05-05T19:00:16 IST" duration-ms="6611" status="PASS">
          <reporter-output>
          </reporter-output>
        </test-method> <!-- launchApplication -->
        <test-method signature="OrderHistoryTest()[pri:0, instance:seleniumCode.POMstandalonecode@524f3b3a]" started-at="2023-05-05T19:00:16 IST" name="OrderHistoryTest" finished-at="2023-05-05T19:00:17 IST" depends-on-methods="seleniumCode.POMstandalonecode.submitorder" duration-ms="962" status="PASS">
          <reporter-output>
          </reporter-output>
        </test-method> <!-- OrderHistoryTest -->
        <test-method is-config="true" signature="closeDriver()[pri:0, instance:seleniumCode.POMstandalonecode@524f3b3a]" started-at="2023-05-05T19:00:17 IST" name="closeDriver" finished-at="2023-05-05T19:00:18 IST" duration-ms="381" status="PASS">
          <reporter-output>
          </reporter-output>
        </test-method> <!-- closeDriver -->
      </class> <!-- seleniumCode.POMstandalonecode -->
    </test> <!-- Success validation -->
  </suite> <!-- Suite -->
</testng-results>
